<?xml version="1.0" encoding="UTF-8"?>
<!-- Generated by org.testng.reporters.JUnitReportReporter -->
<testsuite hostname="A4G279-PC" failures="0" tests="1" name="com.shopingcart.SubmitOrderTest" time="37.854" errors="0" timestamp="2023-02-02T13:17:49 IST" skipped="0">
  <testcase classname="com.shopingcart.SubmitOrderTest" name="submitOrder" time="37.854"/>
  <system-out/>
</testsuite> <!-- com.shopingcart.SubmitOrderTest -->
