<?xml version="1.0" encoding="UTF-8"?>
<!-- Generated by org.testng.reporters.JUnitReportReporter -->
<testsuite hostname="A4G279-PC" failures="0" tests="1" name="com.WebAutomation.AutosuggestionHandle" time="5.167" errors="0" timestamp="2023-01-09T16:26:09 IST" skipped="0">
  <testcase classname="com.WebAutomation.AutosuggestionHandle" name="autosuggestive" time="5.167"/>
  <system-out/>
</testsuite> <!-- com.WebAutomation.AutosuggestionHandle -->
