<?xml version="1.0" encoding="UTF-8"?>
<!-- Generated by org.testng.reporters.JUnitReportReporter -->
<testsuite hostname="A4G279-PC" failures="0" tests="1" name="com.WebAutomation.TC2_StaticPageForm" time="12.348" errors="0" timestamp="2023-01-13T10:05:30 IST" skipped="0">
  <testcase classname="com.WebAutomation.TC2_StaticPageForm" name="launchDriver" time="12.348"/>
  <system-out/>
</testsuite> <!-- com.WebAutomation.TC2_StaticPageForm -->
