<?xml version="1.0" encoding="UTF-8"?>
<!-- Generated by org.testng.reporters.JUnitReportReporter -->
<testsuite hostname="A4G279-PC" failures="0" tests="1" name="DataDrivenSample.Test1" time="1.127" errors="0" timestamp="2023-02-01T15:30:59 IST" skipped="0">
  <testcase classname="DataDrivenSample.Test1" name="getData" time="1.127"/>
  <system-out/>
</testsuite> <!-- DataDrivenSample.Test1 -->
