<?xml version="1.0" encoding="UTF-8"?>
<!-- Generated by org.testng.reporters.JUnitReportReporter -->
<testsuite hostname="A4G279-PC" failures="0" tests="1" name="com.shopingcart.PlaceOrder" time="0.371" errors="0" timestamp="2023-01-17T14:41:59 IST" skipped="0">
  <testcase classname="com.shopingcart.PlaceOrder" name="orderplace" time="0.371"/>
  <system-out/>
</testsuite> <!-- com.shopingcart.PlaceOrder -->
