<?xml version="1.0" encoding="UTF-8"?>
<!-- Generated by org.testng.reporters.JUnitReportReporter -->
<testsuite hostname="A4G279-PC" failures="0" tests="1" name="extentReport.ExtentReportDemo" time="5.956" errors="0" timestamp="2023-01-17T11:21:46 IST" skipped="0">
  <testcase classname="extentReport.ExtentReportDemo" name="intialDemo" time="5.956"/>
  <system-out/>
</testsuite> <!-- extentReport.ExtentReportDemo -->
