<?xml version="1.0" encoding="UTF-8"?>
<!-- Generated by org.testng.reporters.JUnitReportReporter -->
<testsuite hostname="A4G279-PC" failures="0" tests="1" name="com.alerthandle.AlertHandled" time="16.321" errors="0" timestamp="2023-01-10T20:55:58 IST" skipped="0">
  <testcase classname="com.alerthandle.AlertHandled" name="alertpopup" time="16.321"/>
  <system-out/>
</testsuite> <!-- com.alerthandle.AlertHandled -->
