<?xml version="1.0" encoding="UTF-8"?>
<!-- Generated by org.testng.reporters.JUnitReportReporter -->
<testsuite hostname="A4G279-PC" failures="0" tests="1" name="com.WebAutomation.TestCase1" time="15.482" errors="0" timestamp="2023-01-12T12:11:54 IST" skipped="0">
  <testcase classname="com.WebAutomation.TestCase1" name="loginPage" time="15.482"/>
  <system-out/>
</testsuite> <!-- com.WebAutomation.TestCase1 -->
