<?xml version="1.0" encoding="UTF-8"?>
<!-- Generated by org.testng.reporters.JUnitReportReporter -->
<testsuite hostname="A4G279-PC" failures="0" tests="1" name="com.WebAutomation.TestWebDriver" time="6.857" errors="0" timestamp="2023-01-06T16:12:50 IST" skipped="0">
  <testcase classname="com.WebAutomation.TestWebDriver" name="launchDriver" time="6.857"/>
  <system-out/>
</testsuite> <!-- com.WebAutomation.TestWebDriver -->
