<?xml version="1.0" encoding="UTF-8"?>
<!-- Generated by org.testng.reporters.JUnitReportReporter -->
<testsuite hostname="A4G279-PC" failures="0" tests="1" name="com.WebAutomation.LoginPage" time="9.750" errors="0" timestamp="2023-01-09T11:51:45 IST" skipped="0">
  <testcase classname="com.WebAutomation.LoginPage" name="browserLaunch" time="9.750"/>
  <system-out/>
</testsuite> <!-- com.WebAutomation.LoginPage -->
